<?xml version="1.0" encoding="UTF-8"?>
<testng-results ignored="0" total="1" passed="1" failed="0" skipped="0">
  <reporter-output>
  </reporter-output>
  <suite started-at="2023-10-13T11:00:00 IST" name="Default suite" finished-at="2023-10-13T11:00:00 IST" duration-ms="381">
    <groups>
    </groups>
    <test started-at="2023-10-13T11:00:00 IST" name="Default test" finished-at="2023-10-13T11:00:00 IST" duration-ms="381">
      <class name="pdfBoxExample.ReadPDFContent2">
        <test-method signature="verifyPDFData()[pri:0, instance:pdfBoxExample.ReadPDFContent2@1ffaf86]" started-at="2023-10-13T11:00:00 IST" name="verifyPDFData" finished-at="2023-10-13T11:00:00 IST" duration-ms="338" status="PASS">
          <reporter-output>
          </reporter-output>
        </test-method> <!-- verifyPDFData -->
      </class> <!-- pdfBoxExample.ReadPDFContent2 -->
    </test> <!-- Default test -->
  </suite> <!-- Default suite -->
</testng-results>
